{
"D:\\Study\\Angular2\\ng2-coverage\\app\\test.service.js":{"path":"D:\\Study\\Angular2\\ng2-coverage\\app\\test.service.js","s":{"1":1,"2":1,"3":1,"4":1,"5":1,"6":1,"7":0,"8":0,"9":0,"10":1,"11":1,"12":1,"13":1,"14":1,"15":1,"16":1,"17":1,"18":1,"19":1,"20":1,"21":1,"22":1,"23":1},"b":{"1":[1,1],"2":[1,1,1],"3":[1,0],"4":[0,0],"5":[1,0],"6":[1,1],"7":[0,0],"8":[0,0],"9":[0,0],"10":[0,0],"11":[1,0,0],"12":[1,1,1],"13":[1,0],"14":[1,1]},"f":{"1":1,"2":1,"3":1,"4":1,"5":1,"6":1,"7":1},"fnMap":{"1":{"name":"(anonymous_1)","line":1,"loc":{"start":{"line":1,"column":35},"end":{"line":1,"column":66}}},"2":{"name":"(anonymous_2)","line":4,"loc":{"start":{"line":4,"column":50},"end":{"line":4,"column":91}}},"3":{"name":"(anonymous_3)","line":10,"loc":{"start":{"line":10,"column":50},"end":{"line":10,"column":66}}},"4":{"name":"(anonymous_4)","line":17,"loc":{"start":{"line":17,"column":12},"end":{"line":17,"column":32}}},"5":{"name":"(anonymous_5)","line":20,"loc":{"start":{"line":20,"column":17},"end":{"line":20,"column":28}}},"6":{"name":"(anonymous_6)","line":21,"loc":{"start":{"line":21,"column":27},"end":{"line":21,"column":39}}},"7":{"name":"TestService","line":22,"loc":{"start":{"line":22,"column":16},"end":{"line":22,"column":39}}}},"statementMap":{"1":{"start":{"line":1,"column":0},"end":{"line":34,"column":3}},"2":{"start":{"line":3,"column":4},"end":{"line":3,"column":49}},"3":{"start":{"line":4,"column":4},"end":{"line":9,"column":6}},"4":{"start":{"line":5,"column":8},"end":{"line":5,"column":133}},"5":{"start":{"line":6,"column":8},"end":{"line":7,"column":154}},"6":{"start":{"line":6,"column":83},"end":{"line":6,"column":135}},"7":{"start":{"line":7,"column":13},"end":{"line":7,"column":154}},"8":{"start":{"line":7,"column":62},"end":{"line":7,"column":154}},"9":{"start":{"line":7,"column":85},"end":{"line":7,"column":154}},"10":{"start":{"line":8,"column":8},"end":{"line":8,"column":70}},"11":{"start":{"line":10,"column":4},"end":{"line":12,"column":6}},"12":{"start":{"line":11,"column":8},"end":{"line":11,"column":113}},"13":{"start":{"line":11,"column":83},"end":{"line":11,"column":113}},"14":{"start":{"line":13,"column":4},"end":{"line":13,"column":15}},"15":{"start":{"line":14,"column":4},"end":{"line":14,"column":20}},"16":{"start":{"line":15,"column":4},"end":{"line":33,"column":5}},"17":{"start":{"line":18,"column":16},"end":{"line":18,"column":34}},"18":{"start":{"line":21,"column":12},"end":{"line":30,"column":17}},"19":{"start":{"line":22,"column":16},"end":{"line":24,"column":17}},"20":{"start":{"line":23,"column":20},"end":{"line":23,"column":51}},"21":{"start":{"line":25,"column":16},"end":{"line":28,"column":32}},"22":{"start":{"line":29,"column":16},"end":{"line":29,"column":35}},"23":{"start":{"line":31,"column":12},"end":{"line":31,"column":50}}},"branchMap":{"1":{"line":3,"type":"binary-expr","locations":[{"start":{"line":3,"column":23},"end":{"line":3,"column":32}},{"start":{"line":3,"column":36},"end":{"line":3,"column":48}}]},"2":{"line":4,"type":"binary-expr","locations":[{"start":{"line":4,"column":22},"end":{"line":4,"column":26}},{"start":{"line":4,"column":30},"end":{"line":4,"column":45}},{"start":{"line":4,"column":50},"end":{"line":9,"column":5}}]},"3":{"line":5,"type":"cond-expr","locations":[{"start":{"line":5,"column":46},"end":{"line":5,"column":52}},{"start":{"line":5,"column":55},"end":{"line":5,"column":129}}]},"4":{"line":5,"type":"cond-expr","locations":[{"start":{"line":5,"column":71},"end":{"line":5,"column":122}},{"start":{"line":5,"column":125},"end":{"line":5,"column":129}}]},"5":{"line":6,"type":"if","locations":[{"start":{"line":6,"column":8},"end":{"line":6,"column":8}},{"start":{"line":6,"column":8},"end":{"line":6,"column":8}}]},"6":{"line":6,"type":"binary-expr","locations":[{"start":{"line":6,"column":12},"end":{"line":6,"column":39}},{"start":{"line":6,"column":43},"end":{"line":6,"column":81}}]},"7":{"line":7,"type":"if","locations":[{"start":{"line":7,"column":62},"end":{"line":7,"column":62}},{"start":{"line":7,"column":62},"end":{"line":7,"column":62}}]},"8":{"line":7,"type":"binary-expr","locations":[{"start":{"line":7,"column":90},"end":{"line":7,"column":147}},{"start":{"line":7,"column":152},"end":{"line":7,"column":153}}]},"9":{"line":7,"type":"cond-expr","locations":[{"start":{"line":7,"column":98},"end":{"line":7,"column":102}},{"start":{"line":7,"column":105},"end":{"line":7,"column":147}}]},"10":{"line":7,"type":"cond-expr","locations":[{"start":{"line":7,"column":113},"end":{"line":7,"column":130}},{"start":{"line":7,"column":133},"end":{"line":7,"column":147}}]},"11":{"line":8,"type":"binary-expr","locations":[{"start":{"line":8,"column":15},"end":{"line":8,"column":20}},{"start":{"line":8,"column":24},"end":{"line":8,"column":25}},{"start":{"line":8,"column":29},"end":{"line":8,"column":66}}]},"12":{"line":10,"type":"binary-expr","locations":[{"start":{"line":10,"column":22},"end":{"line":10,"column":26}},{"start":{"line":10,"column":30},"end":{"line":10,"column":45}},{"start":{"line":10,"column":50},"end":{"line":12,"column":5}}]},"13":{"line":11,"type":"if","locations":[{"start":{"line":11,"column":8},"end":{"line":11,"column":8}},{"start":{"line":11,"column":8},"end":{"line":11,"column":8}}]},"14":{"line":11,"type":"binary-expr","locations":[{"start":{"line":11,"column":12},"end":{"line":11,"column":39}},{"start":{"line":11,"column":43},"end":{"line":11,"column":81}}]}},"l":{"1":1,"3":1,"4":1,"5":1,"6":1,"7":0,"8":1,"10":1,"11":1,"13":1,"14":1,"15":1,"18":1,"21":1,"22":1,"23":1,"25":1,"29":1,"31":1}}}
